=== Game Session Log ===
Session ID: sigma-fines-alot-loser
Started: 2025-12-25 11:13:47
================================================================================

2025-12-25 11:13:47,216 - INFO - Logger initialized
2025-12-25 11:13:47,216 - INFO - Initializing GameSession with ID: sigma-fines-alot-loser
2025-12-25 11:13:55,322 - INFO - ================================================================================
2025-12-25 11:13:55,322 - INFO - TURN 1 START - Command: look
2025-12-25 11:13:55,322 - INFO - ================================================================================
2025-12-25 11:13:56,824 - INFO - GAME RESPONSE:
Clearing
You are in a clearing, with a forest surrounding you on all sides. A path leads south. 
On the ground is a pile of leaves.

2025-12-25 11:14:02,761 - INFO - 
--- RESEARCH PHASE START ---
2025-12-25 11:14:04,054 - INFO - Research agent called 4 tool(s)
2025-12-25 11:14:04,059 - INFO - TOOL CALL: get_full_summary with args: {}
2025-12-25 11:14:04,061 - DEBUG - TOOL RESULT (get_full_summary):
Summary of 1 turn(s):

Following the initial turn, the player used the look command. The game described the scene: you are in a clearing, with a forest surrounding you on all sides. A path leads south. On the ground is a pile of leaves....
2025-12-25 11:14:04,066 - INFO - TOOL CALL: get_recent_turns with args: {'n': 5}
2025-12-25 11:14:04,067 - DEBUG - TOOL RESULT (get_recent_turns):
Last 1 turn(s):

Turn #1 (at Clearing) [Score: 40]
  Player: look
  Game: Clearing
You are in a clearing, with a forest surrounding you on all sides. A path leads south. 
On the ground is a pile of leaves....
2025-12-25 11:14:04,073 - WARNING - Unknown tool requested: get_top_memories
2025-12-25 11:14:04,078 - WARNING - Unknown tool requested: get_location_memories
2025-12-25 11:14:04,078 - INFO - RESEARCH COMPLETE:
get_full_summary result: Summary of 1 turn(s):

Following the initial turn, the player used the look command. The game described the scene: you are in a clearing, with a forest surrounding you on all sides. A path leads south. On the ground is a pile of leaves.

get_recent_turns result: Last 1 turn(s):

Turn #1 (at Clearing) [Score: 40]
  Player: look
  Game: Clearing
You are in a clearing, with a forest surrounding you on all sides. A path leads south. 
On the ground is a pile of leaves.
2025-12-25 11:14:04,078 - INFO - --- RESEARCH PHASE END ---

2025-12-25 11:14:04,078 - INFO - 
--- DECISION PHASE START ---
2025-12-25 11:14:04,078 - INFO - Score: 40, Location: Clearing, Moves: 101
2025-12-25 11:14:05,634 - INFO - DECISION: SEARCH LEAVES
2025-12-25 11:14:05,634 - INFO - REASON: The clearing has a notable pile of leaves; searching it may reveal hidden objects or a passage and is a productive new action before moving on.
2025-12-25 11:14:05,634 - DEBUG - SUMMARY UPDATED:
Following the initial turn, the player used the look command. The game described the scene: you are in a clearing, with a forest surrounding you on all sides. A path leads south. On the ground is a pile of leaves....
2025-12-25 11:14:05,635 - INFO - ================================================================================
2025-12-25 11:14:05,635 - INFO - TURN 2 START - Command: SEARCH LEAVES
2025-12-25 11:14:05,635 - INFO - ================================================================================
2025-12-25 11:14:08,769 - INFO - GAME RESPONSE:
You rummage through the pile of leaves, uncovering... more leaves. A riveting discovery, indeed! It seems the only thing you've unearthed is your own futility.

2025-12-25 11:14:17,959 - INFO - 
--- RESEARCH PHASE START ---
2025-12-25 11:14:18,855 - INFO - Research agent called 4 tool(s)
2025-12-25 11:14:18,861 - INFO - TOOL CALL: get_full_summary with args: {}
2025-12-25 11:14:18,862 - DEBUG - TOOL RESULT (get_full_summary):
Summary of 2 turn(s):

You're in a clearing with forest all around you and a path leading south, a pile of leaves on the ground. You then SEARCH LEAVES, rummaging through the pile to uncover only more leaves—the only thing you've unearthed is your own futility....
2025-12-25 11:14:18,869 - INFO - TOOL CALL: get_recent_turns with args: {'n': 5}
2025-12-25 11:14:18,871 - DEBUG - TOOL RESULT (get_recent_turns):
Last 2 turn(s):

Turn #1 (at Clearing) [Score: 40]
  Player: look
  Game: Clearing
You are in a clearing, with a forest surrounding you on all sides. A path leads south. 
On the ground is a pile of leaves.


Turn #2 (at Clearing) [Score: 40]
  Player: SEARCH LEAVES
  Game: You rummage through the pile of leaves, uncovering... more leaves. A riveting discovery, indeed! It seems the only thing you've unearthed is your own futility....
2025-12-25 11:14:18,877 - WARNING - Unknown tool requested: get_top_memories
2025-12-25 11:14:18,882 - WARNING - Unknown tool requested: get_location_memories
2025-12-25 11:14:18,884 - INFO - RESEARCH COMPLETE:
get_full_summary result: Summary of 2 turn(s):

You're in a clearing with forest all around you and a path leading south, a pile of leaves on the ground. You then SEARCH LEAVES, rummaging through the pile to uncover only more leaves—the only thing you've unearthed is your own futility.

get_recent_turns result: Last 2 turn(s):

Turn #1 (at Clearing) [Score: 40]
  Player: look
  Game: Clearing
You are in a clearing, with a forest surrounding you on all sides. A path leads south. 
On the ground is a pile of leaves.


Turn #2 (at Clearing) [Score: 40]
  Player: SEARCH LEAVES
  Game: You rummage through the pile of leaves, uncovering... more leaves. A riveting discovery, indeed! It seems the only thing you've unearthed is your own futility.
2025-12-25 11:14:18,884 - INFO - --- RESEARCH PHASE END ---

2025-12-25 11:14:18,884 - INFO - 
--- DECISION PHASE START ---
2025-12-25 11:14:18,884 - INFO - Score: 40, Location: Clearing, Moves: 102
2025-12-25 11:14:20,438 - INFO - DECISION: SOUTH
2025-12-25 11:14:20,438 - INFO - REASON: We’ve spent two turns in the clearing with no progress from the leaf pile; the obvious next step is to follow the path south to reach a new area and continue exploration.
2025-12-25 11:14:20,439 - DEBUG - SUMMARY UPDATED:
You're in a clearing with forest all around you and a path leading south, a pile of leaves on the ground. You then SEARCH LEAVES, rummaging through the pile to uncover only more leaves—the only thing you've unearthed is your own futility....
2025-12-25 11:14:20,439 - INFO - ================================================================================
2025-12-25 11:14:20,439 - INFO - TURN 3 START - Command: SOUTH
2025-12-25 11:14:20,439 - INFO - ================================================================================
2025-12-25 11:14:22,283 - INFO - GAME RESPONSE:
Forest Path
This is a path winding through a dimly lit forest. The path heads north-south here. One particularly large tree with some low branches stands at the edge of the path.

In the distance you hear the chirping of a song bird.

2025-12-25 11:14:29,245 - INFO - 
--- RESEARCH PHASE START ---
2025-12-25 11:14:30,318 - INFO - Research agent called 4 tool(s)
2025-12-25 11:14:30,328 - INFO - TOOL CALL: get_full_summary with args: {}
2025-12-25 11:14:30,329 - DEBUG - TOOL RESULT (get_full_summary):
Summary of 3 turn(s):

You began in a clearing with forest all around you and a path leading south, a pile of leaves on the ground. You rummaged through the leaves, uncovering only more leaves—the only fruit of your search was your own futility. You then commanded SOUTH and stepped onto a Forest Path. The path winds through a dimly lit forest and runs north–south here, with one particularly large tree with low branches at the edge of the path. In the distance you hear the chirping of a songbird....
2025-12-25 11:14:30,337 - INFO - TOOL CALL: get_recent_turns with args: {'n': 5}
2025-12-25 11:14:30,338 - DEBUG - TOOL RESULT (get_recent_turns):
Last 3 turn(s):

Turn #1 (at Clearing) [Score: 40]
  Player: look
  Game: Clearing
You are in a clearing, with a forest surrounding you on all sides. A path leads south. 
On the ground is a pile of leaves.


Turn #2 (at Clearing) [Score: 40]
  Player: SEARCH LEAVES
  Game: You rummage through the pile of leaves, uncovering... more leaves. A riveting discovery, indeed! It seems the only thing you've unearthed is your own futility.


Turn #3 (at Forest Path) [Score: 40]
  Player: SOUTH
  Game: For...
2025-12-25 11:14:30,345 - WARNING - Unknown tool requested: get_top_memories
2025-12-25 11:14:30,351 - WARNING - Unknown tool requested: get_location_memories
2025-12-25 11:14:30,352 - INFO - RESEARCH COMPLETE:
get_full_summary result: Summary of 3 turn(s):

You began in a clearing with forest all around you and a path leading south, a pile of leaves on the ground. You rummaged through the leaves, uncovering only more leaves—the only fruit of your search was your own futility. You then commanded SOUTH and stepped onto a Forest Path. The path winds through a dimly lit forest and runs north–south here, with one particularly large tree with low branches at the edge of the path. In the distance you hear the chirping of a songbird.

get_recent_turns result: Last 3 turn(s):

Turn #1 (at Clearing) [Score: 40]
  Player: look
  Game: Clearing
You are in a clearing, with a forest surrounding you on all sides. A path leads south. 
On the ground is a pile of leaves.


Turn #2 (at Clearing) [Score: 40]
  Player: SEARCH LEAVES
  Game: You rummage through the pile of leaves, uncovering... more leaves. A riveting discovery, indeed! It seems the only thing you've unearthed is your own futility.


Turn #3 (at Forest Path) [Score: 40]
  Player: SOUTH
  Game: Forest Path
This is a path winding through a dimly lit forest. The path heads north-south here. One particularly large tree with some low branches stands at the edge of the path.

In the distance you hear the chirping of a song bird.
2025-12-25 11:14:30,352 - INFO - --- RESEARCH PHASE END ---

2025-12-25 11:14:30,352 - INFO - 
--- DECISION PHASE START ---
2025-12-25 11:14:30,352 - INFO - Score: 40, Location: Forest Path, Moves: 103
2025-12-25 11:14:33,080 - INFO - DECISION: CLIMB TREE
2025-12-25 11:14:33,080 - INFO - REASON: The Forest Path mentions a particularly large tree with low branches; climbing it is a logical new action that may reveal a new route or an item.
2025-12-25 11:14:33,082 - INFO - MEMORY STORED: [268/1000] Large tree with low branches on Forest Path may be climbable to access something above or spot new exits.
2025-12-25 11:14:33,082 - DEBUG - SUMMARY UPDATED:
You began in a clearing with forest all around you and a path leading south, a pile of leaves on the ground. You rummaged through the leaves, uncovering only more leaves—the only fruit of your search was your own futility. You then commanded SOUTH and stepped onto a Forest Path. The path winds throu...
2025-12-25 11:14:33,082 - INFO - ================================================================================
2025-12-25 11:14:33,083 - INFO - TURN 4 START - Command: CLIMB TREE
2025-12-25 11:14:33,083 - INFO - ================================================================================
